./src/Plasmodium.sh version: 0.002
./src/Plasmodium.sh: line 6: [: =: unary operator expected
STARTING Mon Sep 10 15:42:13 EDT 2012
SELF HASHSUM: b43cf0b43c49a2405975114ad454fb2f ./src/Plasmodium.sh

Program: bwa (alignment via Burrows-Wheeler transformation)
Version: 0.6.2-r131
Contact: Heng Li <lh3@sanger.ac.uk>

Usage:   bwa <command> [options]

Command: index         index sequences in the FASTA format
         aln           gapped/ungapped alignment
         samse         generate alignment (single ended)
         sampe         generate alignment (paired ended)
         bwasw         BWA-SW for long queries
         fastmap       identify super-maximal exact matches

         fa2pac        convert FASTA to PAC format
         pac2bwt       generate BWT from PAC
         pac2bwtgen    alternative algorithm for generating BWT
         bwtupdate     update .bwt to the new format
         bwt2sa        generate SA from BWT and Occ
         pac2cspac     convert PAC to color-space PAC
         stdsw         standard SW/NW alignment

74ea72ca1f2d695b433ff968cdb9537c  /home/londo003/automation_class/ngs-workflows/bin/bwa/bwa

Program: samtools (Tools for alignments in the SAM format)
Version: 0.1.18-dev (r982:313)

Usage:   samtools <command> [options]

Command: view        SAM<->BAM conversion
         sort        sort alignment file
         mpileup     multi-way pileup
         depth       compute the depth
         faidx       index/extract FASTA
         tview       text alignment viewer
         index       index alignment
         idxstats    BAM index stats (r595 or later)
         fixmate     fix mate information
         flagstat    simple stats
         calmd       recalculate MD/NM tags and '=' bases
         merge       merge sorted alignments
         rmdup       remove PCR duplicates
         reheader    replace BAM header
         cat         concatenate BAMs
         targetcut   cut fosmid regions (for fosmid pool only)
         phase       phase heterozygotes

cbc227ff069f7c3fea4db62411253647  /home/londo003/automation_class/ngs-workflows/bin/samtools/samtools
curl 7.15.5 (x86_64-redhat-linux-gnu) libcurl/7.15.5 OpenSSL/0.9.8b zlib/1.2.3 libidn/0.6.5
Protocols: tftp ftp telnet dict ldap http file https ftps 
Features: GSS-Negotiate IDN IPv6 Largefile NTLM SSL libz 
0b51dfec66e0d58e56dea2b9c0b78d18  /usr/bin/curl
/home/londo003/automation_class/ngs-workflows/src/filter_sam.pl Version 0.02
122272d9915d9f2ce1da6cee1661e3f9  /home/londo003/automation_class/ngs-workflows/src/filter_sam.pl

/home/londo003/automation_class/ngs-workflows/bin/bwa/bwa aln Plasmodium_falciparum_OLD.fna ERR022523_1.fastq > ERR022523_1.sai
91fc7b23ec3a4b2167348845cd760702  ERR022523_1.fastq
[bwa_aln] 17bp reads: max_diff = 2
[bwa_aln] 38bp reads: max_diff = 3
[bwa_aln] 64bp reads: max_diff = 4
[bwa_aln] 93bp reads: max_diff = 5
[bwa_aln] 124bp reads: max_diff = 6
[bwa_aln] 157bp reads: max_diff = 7
[bwa_aln] 190bp reads: max_diff = 8
[bwa_aln] 225bp reads: max_diff = 9
[bwa_aln_core] calculate SA coordinate... 9.57 sec
[bwa_aln_core] write to the disk... 0.03 sec
[bwa_aln_core] 262144 sequences have been processed.
[bwa_aln_core] calculate SA coordinate... 9.61 sec
[bwa_aln_core] write to the disk... 0.02 sec
[bwa_aln_core] 524288 sequences have been processed.
[bwa_aln_core] calculate SA coordinate... 11.22 sec
[bwa_aln_core] write to the disk... 0.02 sec
[bwa_aln_core] 786432 sequences have been processed.
[bwa_aln_core] calculate SA coordinate... 10.94 sec
[bwa_aln_core] write to the disk... 0.02 sec
[bwa_aln_core] 1048576 sequences have been processed.
[bwa_aln_core] calculate SA coordinate... 9.00 sec
[bwa_aln_core] write to the disk... 0.02 sec
[bwa_aln_core] 1310720 sequences have been processed.
[bwa_aln_core] calculate SA coordinate... 9.35 sec
[bwa_aln_core] write to the disk... 0.02 sec
[bwa_aln_core] 1572864 sequences have been processed.
[bwa_aln_core] calculate SA coordinate... 9.22 sec
[bwa_aln_core] write to the disk... 0.02 sec
[bwa_aln_core] 1835008 sequences have been processed.
[bwa_aln_core] calculate SA coordinate... 0.79 sec
[bwa_aln_core] write to the disk... 0.01 sec
[bwa_aln_core] 1858855 sequences have been processed.
[main] Version: 0.6.2-r131
[main] CMD: /home/londo003/automation_class/ngs-workflows/bin/bwa/bwa aln Plasmodium_falciparum_OLD.fna ERR022523_1.fastq
[main] Real time: 74.053 sec; CPU: 74.021 sec
91fc7b23ec3a4b2167348845cd760702  ERR022523_1.fastq
59697f7a4560750dc73a3808b5905ffd  ERR022523_1.sai
/home/londo003/automation_class/ngs-workflows
/home/londo003/automation_class/ngs-workflows/bin/bwa/bwa aln Plasmodium_falciparum_OLD.fna ERR022523_2.fastq > ERR022523_2.sai
4c490f46bf94a338244963ff7fcdd9f0  ERR022523_2.fastq
[bwa_aln] 17bp reads: max_diff = 2
[bwa_aln] 38bp reads: max_diff = 3
[bwa_aln] 64bp reads: max_diff = 4
[bwa_aln] 93bp reads: max_diff = 5
[bwa_aln] 124bp reads: max_diff = 6
[bwa_aln] 157bp reads: max_diff = 7
[bwa_aln] 190bp reads: max_diff = 8
[bwa_aln] 225bp reads: max_diff = 9
[bwa_aln_core] calculate SA coordinate... 8.99 sec
[bwa_aln_core] write to the disk... 0.02 sec
[bwa_aln_core] 262144 sequences have been processed.
[bwa_aln_core] calculate SA coordinate... 9.04 sec
[bwa_aln_core] write to the disk... 0.03 sec
[bwa_aln_core] 524288 sequences have been processed.
[bwa_aln_core] calculate SA coordinate... 11.43 sec
[bwa_aln_core] write to the disk... 0.03 sec
[bwa_aln_core] 786432 sequences have been processed.
[bwa_aln_core] calculate SA coordinate... 9.64 sec
[bwa_aln_core] write to the disk... 0.03 sec
[bwa_aln_core] 1048576 sequences have been processed.
[bwa_aln_core] calculate SA coordinate... 8.07 sec
[bwa_aln_core] write to the disk... 0.02 sec
[bwa_aln_core] 1310720 sequences have been processed.
[bwa_aln_core] calculate SA coordinate... 8.93 sec
[bwa_aln_core] write to the disk... 0.02 sec
[bwa_aln_core] 1572864 sequences have been processed.
[bwa_aln_core] calculate SA coordinate... 9.21 sec
[bwa_aln_core] write to the disk... 0.03 sec
[bwa_aln_core] 1835008 sequences have been processed.
[bwa_aln_core] calculate SA coordinate... 0.81 sec
[bwa_aln_core] write to the disk... 0.00 sec
[bwa_aln_core] 1858855 sequences have been processed.
[main] Version: 0.6.2-r131
[main] CMD: /home/londo003/automation_class/ngs-workflows/bin/bwa/bwa aln Plasmodium_falciparum_OLD.fna ERR022523_2.fastq
[main] Real time: 70.642 sec; CPU: 70.445 sec
4c490f46bf94a338244963ff7fcdd9f0  ERR022523_2.fastq
7efc80d865c07766126aad8f4b6200a5  ERR022523_2.sai
/home/londo003/automation_class/ngs-workflows
/home/londo003/automation_class/ngs-workflows/bin/bwa/bwa sampe Plasmodium_falciparum_OLD.fna ERR022523_1.sai ERR022523_2.sai ERR022523_1.fastq ERR022523_2.fastq | /home/londo003/automation_class/ngs-workflows/bin/samtools/samtools view -bS - | /home/londo003/automation_class/ngs-workflows/bin/samtools/samtools sort - ../../results/Mon_Sep_10_15:42:13_EDT_2012/aln
27fc0c0342be5fccf1fba64716fd442c  Plasmodium_falciparum_OLD.fna
59697f7a4560750dc73a3808b5905ffd  ERR022523_1.sai
7efc80d865c07766126aad8f4b6200a5  ERR022523_2.sai
91fc7b23ec3a4b2167348845cd760702  ERR022523_1.fastq
4c490f46bf94a338244963ff7fcdd9f0  ERR022523_2.fastq
[bwa_sai2sam_pe_core] convert to sequence coordinate... 
[infer_isize] (25, 50, 75) percentile: (264, 288, 310)
[infer_isize] low and high boundaries: 172 and 402 for estimating avg and std
[infer_isize] inferred external isize from 15820 pairs: 285.060 +/- 39.675
[infer_isize] skewness: -0.598; kurtosis: 0.456; ap_prior: 3.14e-05
[infer_isize] inferred maximum insert size: 533 (6.24 sigma)
[bwa_sai2sam_pe_core] time elapses: 0.74 sec
[bwa_sai2sam_pe_core] changing coordinates of 822 alignments.
[bwa_sai2sam_pe_core] align unmapped mate...
[bwa_paired_sw] 2294 out of 2617 Q17 singletons are mated.
[bwa_paired_sw] 546 out of 1510 Q17 discordant pairs are fixed.
[bwa_sai2sam_pe_core] time elapses: 1.75 sec
[bwa_sai2sam_pe_core] refine gapped alignments... 0.23 sec
[bwa_sai2sam_pe_core] print alignments... [samopen] SAM header is present: 14 sequences.
0.99 sec
[bwa_sai2sam_pe_core] 262144 sequences have been processed.
[bwa_sai2sam_pe_core] convert to sequence coordinate... 
[infer_isize] (25, 50, 75) percentile: (264, 287, 309)
[infer_isize] low and high boundaries: 174 and 399 for estimating avg and std
[infer_isize] inferred external isize from 15768 pairs: 284.909 +/- 38.785
[infer_isize] skewness: -0.586; kurtosis: 0.453; ap_prior: 3.75e-05
[infer_isize] inferred maximum insert size: 527 (6.24 sigma)
[bwa_sai2sam_pe_core] time elapses: 0.84 sec
[bwa_sai2sam_pe_core] changing coordinates of 790 alignments.
[bwa_sai2sam_pe_core] align unmapped mate...
[bwa_paired_sw] 2398 out of 2748 Q17 singletons are mated.
[bwa_paired_sw] 601 out of 1501 Q17 discordant pairs are fixed.
[bwa_sai2sam_pe_core] time elapses: 1.74 sec
[bwa_sai2sam_pe_core] refine gapped alignments... 0.24 sec
[bwa_sai2sam_pe_core] print alignments... 0.97 sec
[bwa_sai2sam_pe_core] 524288 sequences have been processed.
[bwa_sai2sam_pe_core] convert to sequence coordinate... 
[infer_isize] (25, 50, 75) percentile: (265, 287, 309)
[infer_isize] low and high boundaries: 177 and 397 for estimating avg and std
[infer_isize] inferred external isize from 15882 pairs: 285.713 +/- 38.350
[infer_isize] skewness: -0.540; kurtosis: 0.479; ap_prior: 4.07e-05
[infer_isize] inferred maximum insert size: 525 (6.24 sigma)
[bwa_sai2sam_pe_core] time elapses: 0.74 sec
[bwa_sai2sam_pe_core] changing coordinates of 835 alignments.
[bwa_sai2sam_pe_core] align unmapped mate...
[bwa_paired_sw] 2482 out of 2781 Q17 singletons are mated.
[bwa_paired_sw] 524 out of 1493 Q17 discordant pairs are fixed.
[bwa_sai2sam_pe_core] time elapses: 1.79 sec
[bwa_sai2sam_pe_core] refine gapped alignments... 0.24 sec
[bwa_sai2sam_pe_core] print alignments... 0.96 sec
[bwa_sai2sam_pe_core] 786432 sequences have been processed.
[bwa_sai2sam_pe_core] convert to sequence coordinate... 
[infer_isize] (25, 50, 75) percentile: (265, 288, 309)
[infer_isize] low and high boundaries: 177 and 397 for estimating avg and std
[infer_isize] inferred external isize from 17024 pairs: 285.653 +/- 38.508
[infer_isize] skewness: -0.571; kurtosis: 0.427; ap_prior: 2.63e-05
[infer_isize] inferred maximum insert size: 526 (6.24 sigma)
[bwa_sai2sam_pe_core] time elapses: 0.91 sec
[bwa_sai2sam_pe_core] changing coordinates of 912 alignments.
[bwa_sai2sam_pe_core] align unmapped mate...
[bwa_paired_sw] 2505 out of 2918 Q17 singletons are mated.
[bwa_paired_sw] 613 out of 1651 Q17 discordant pairs are fixed.
[bwa_sai2sam_pe_core] time elapses: 1.92 sec
[bwa_sai2sam_pe_core] refine gapped alignments... 0.26 sec
[bwa_sai2sam_pe_core] print alignments... 0.98 sec
[bwa_sai2sam_pe_core] 1048576 sequences have been processed.
[bwa_sai2sam_pe_core] convert to sequence coordinate... 
[infer_isize] (25, 50, 75) percentile: (265, 288, 309)
[infer_isize] low and high boundaries: 177 and 397 for estimating avg and std
[infer_isize] inferred external isize from 14039 pairs: 285.630 +/- 38.357
[infer_isize] skewness: -0.581; kurtosis: 0.474; ap_prior: 3.13e-05
[infer_isize] inferred maximum insert size: 525 (6.24 sigma)
[bwa_sai2sam_pe_core] time elapses: 0.67 sec
[bwa_sai2sam_pe_core] changing coordinates of 754 alignments.
[bwa_sai2sam_pe_core] align unmapped mate...
[bwa_paired_sw] 2166 out of 2537 Q17 singletons are mated.
[bwa_paired_sw] 442 out of 1262 Q17 discordant pairs are fixed.
[bwa_sai2sam_pe_core] time elapses: 1.54 sec
[bwa_sai2sam_pe_core] refine gapped alignments... 0.23 sec
[bwa_sai2sam_pe_core] print alignments... 0.96 sec
[bwa_sai2sam_pe_core] 1310720 sequences have been processed.
[bwa_sai2sam_pe_core] convert to sequence coordinate... 
[infer_isize] (25, 50, 75) percentile: (265, 288, 310)
[infer_isize] low and high boundaries: 175 and 400 for estimating avg and std
[infer_isize] inferred external isize from 16153 pairs: 285.405 +/- 38.970
[infer_isize] skewness: -0.615; kurtosis: 0.450; ap_prior: 3.60e-05
[infer_isize] inferred maximum insert size: 529 (6.24 sigma)
[bwa_sai2sam_pe_core] time elapses: 0.88 sec
[bwa_sai2sam_pe_core] changing coordinates of 828 alignments.
[bwa_sai2sam_pe_core] align unmapped mate...
[bwa_paired_sw] 2250 out of 2636 Q17 singletons are mated.
[bwa_paired_sw] 597 out of 1573 Q17 discordant pairs are fixed.
[bwa_sai2sam_pe_core] time elapses: 1.77 sec
[bwa_sai2sam_pe_core] refine gapped alignments... 0.24 sec
[bwa_sai2sam_pe_core] print alignments... 1.01 sec
[bwa_sai2sam_pe_core] 1572864 sequences have been processed.
[bwa_sai2sam_pe_core] convert to sequence coordinate... 
[infer_isize] (25, 50, 75) percentile: (265, 288, 309)
[infer_isize] low and high boundaries: 177 and 397 for estimating avg and std
[infer_isize] inferred external isize from 15956 pairs: 285.687 +/- 38.399
[infer_isize] skewness: -0.576; kurtosis: 0.429; ap_prior: 2.69e-05
[infer_isize] inferred maximum insert size: 525 (6.24 sigma)
[bwa_sai2sam_pe_core] time elapses: 0.76 sec
[bwa_sai2sam_pe_core] changing coordinates of 791 alignments.
[bwa_sai2sam_pe_core] align unmapped mate...
[bwa_paired_sw] 2326 out of 2704 Q17 singletons are mated.
[bwa_paired_sw] 582 out of 1553 Q17 discordant pairs are fixed.
[bwa_sai2sam_pe_core] time elapses: 1.81 sec
[bwa_sai2sam_pe_core] refine gapped alignments... 0.24 sec
[bwa_sai2sam_pe_core] print alignments... 1.01 sec
[bwa_sai2sam_pe_core] 1835008 sequences have been processed.
[bwa_sai2sam_pe_core] convert to sequence coordinate... 
[infer_isize] (25, 50, 75) percentile: (262, 286, 308)
[infer_isize] low and high boundaries: 170 and 400 for estimating avg and std
[infer_isize] inferred external isize from 1320 pairs: 282.779 +/- 39.612
[infer_isize] skewness: -0.705; kurtosis: 0.441; ap_prior: 3.60e-05
[infer_isize] inferred maximum insert size: 530 (6.24 sigma)
[bwa_sai2sam_pe_core] time elapses: 0.10 sec
[bwa_sai2sam_pe_core] changing coordinates of 80 alignments.
[bwa_sai2sam_pe_core] align unmapped mate...
[bwa_paired_sw] 204 out of 251 Q17 singletons are mated.
[bwa_paired_sw] 38 out of 112 Q17 discordant pairs are fixed.
[bwa_sai2sam_pe_core] time elapses: 0.15 sec
[bwa_sai2sam_pe_core] refine gapped alignments... 0.02 sec
[bwa_sai2sam_pe_core] print alignments... 0.09 sec
[bwa_sai2sam_pe_core] 1858855 sequences have been processed.
[main] Version: 0.6.2-r131
[main] CMD: /home/londo003/automation_class/ngs-workflows/bin/bwa/bwa sampe Plasmodium_falciparum_OLD.fna ERR022523_1.sai ERR022523_2.sai ERR022523_1.fastq ERR022523_2.fastq
[main] Real time: 98.552 sec; CPU: 35.664 sec
[bam_sort_core] merging from 2 files...
27fc0c0342be5fccf1fba64716fd442c  Plasmodium_falciparum_OLD.fna
59697f7a4560750dc73a3808b5905ffd  ERR022523_1.sai
7efc80d865c07766126aad8f4b6200a5  ERR022523_2.sai
91fc7b23ec3a4b2167348845cd760702  ERR022523_1.fastq
4c490f46bf94a338244963ff7fcdd9f0  ERR022523_2.fastq
43da9794850b677be49ee1d4743b8c7e  ../../results/Mon_Sep_10_15:42:13_EDT_2012/aln.bam
REMOVING INTERMEDIATE ERR022523_1.sai ERR022523_2.sai
/home/londo003/automation_class/ngs-workflows
/home/londo003/automation_class/ngs-workflows/bin/samtools/samtools view -h results/Mon_Sep_10_15:42:13_EDT_2012/aln.bam | /home/londo003/automation_class/ngs-workflows/src/filter_sam.pl -a | /home/londo003/automation_class/ngs-workflows/bin/samtools/samtools view -bS - | /home/londo003/automation_class/ngs-workflows/bin/samtools/samtools sort - results/Mon_Sep_10_15:42:13_EDT_2012/aligned
43da9794850b677be49ee1d4743b8c7e  results/Mon_Sep_10_15:42:13_EDT_2012/aln.bam
[samopen] SAM header is present: 14 sequences.
43da9794850b677be49ee1d4743b8c7e  results/Mon_Sep_10_15:42:13_EDT_2012/aln.bam
39eb43d48646d07188c0b9401b52ce23  results/Mon_Sep_10_15:42:13_EDT_2012/aligned.bam
/home/londo003/automation_class/ngs-workflows/bin/samtools/samtools view -h results/Mon_Sep_10_15:42:13_EDT_2012/aln.bam | /home/londo003/automation_class/ngs-workflows/src/filter_sam.pl -u | /home/londo003/automation_class/ngs-workflows/bin/samtools/samtools view -bS - | /home/londo003/automation_class/ngs-workflows/bin/samtools/samtools sort - results/Mon_Sep_10_15:42:13_EDT_2012/unaligned
43da9794850b677be49ee1d4743b8c7e  results/Mon_Sep_10_15:42:13_EDT_2012/aln.bam
[samopen] SAM header is present: 14 sequences.
[bam_sort_core] merging from 2 files...
43da9794850b677be49ee1d4743b8c7e  results/Mon_Sep_10_15:42:13_EDT_2012/aln.bam
a03b4c01d6bfa8f9f884c263b95b9ebb  results/Mon_Sep_10_15:42:13_EDT_2012/unaligned.bam
43da9794850b677be49ee1d4743b8c7e  results/Mon_Sep_10_15:42:13_EDT_2012/aln.bam
REMOVING INTERMEDIATE results/Mon_Sep_10_15:42:13_EDT_2012/aln.bam
COMPLETED Mon Sep 10 15:50:20 EDT 2012
